SF:lib/types/usecase.dart
DA:16,1
LF:1
LH:1
end_of_record
SF:lib/types/priority.dart
DA:16,1
DA:17,1
DA:18,3
DA:19,1
LF:4
LH:4
end_of_record
SF:lib/utils/validators.dart
DA:8,1
DA:9,2
DA:12,2
DA:19,1
DA:20,2
DA:23,2
DA:30,1
DA:31,2
LF:8
LH:8
end_of_record
SF:lib/extensions/datetime_extensions.dart
DA:6,1
DA:7,2
DA:11,1
DA:12,2
DA:16,1
DA:17,2
DA:21,1
DA:22,1
DA:23,1
DA:25,1
DA:27,1
DA:28,2
DA:30,2
DA:32,2
DA:33,2
DA:35,2
DA:39,2
DA:41,2
DA:42,2
DA:43,2
DA:44,2
DA:45,2
DA:46,2
DA:48,2
DA:53,1
DA:54,1
DA:55,9
DA:59,1
DA:60,2
DA:61,3
DA:62,3
DA:63,3
DA:67,1
DA:68,3
DA:72,1
DA:73,4
DA:77,1
DA:78,4
LF:38
LH:38
end_of_record
SF:lib/extensions/string_extensions.dart
DA:4,1
DA:5,1
DA:6,4
DA:10,1
DA:11,1
DA:12,5
DA:16,3
DA:19,2
DA:22,1
DA:23,2
DA:24,4
DA:31,2
DA:34,2
DA:37,2
LF:14
LH:14
end_of_record
SF:lib/bloc/bloc_ui_effect_mixin.dart
DA:26,3
DA:31,1
DA:32,2
DA:33,2
DA:37,1
DA:39,2
DA:40,1
LF:7
LH:7
end_of_record
