SF:lib/data/datasources/settings_local_datasource.dart
DA:21,1
DA:23,1
DA:27,2
DA:29,1
DA:30,1
DA:34,2
DA:35,2
DA:36,2
DA:38,1
DA:39,1
DA:49,1
DA:52,1
DA:53,1
DA:54,2
DA:57,2
DA:59,2
DA:61,3
DA:62,2
DA:64,1
DA:68,1
DA:72,1
DA:74,1
LF:22
LH:22
end_of_record
SF:lib/domain/entities/app_settings.dart
DA:10,6
DA:18,2
DA:19,2
LF:3
LH:3
end_of_record
SF:lib/domain/entities/app_settings.g.dart
DA:9,4
DA:11,4
DA:13,2
DA:14,2
DA:17,2
DA:18,2
DA:19,4
DA:20,2
DA:21,2
LF:9
LH:9
end_of_record
SF:lib/data/repositories/settings_repository_impl.dart
DA:11,1
DA:13,1
DA:16,2
DA:17,1
DA:19,3
DA:23,1
DA:26,2
DA:29,3
LF:8
LH:8
end_of_record
SF:lib/domain/usecases/get_settings_usecase.dart
DA:10,1
DA:12,1
DA:14,2
LF:3
LH:3
end_of_record
SF:lib/domain/usecases/save_settings_usecase.dart
DA:10,1
DA:12,1
DA:14,2
LF:3
LH:3
end_of_record
SF:lib/presentation/bloc/settings_state.dart
DA:5,1
LF:1
LH:1
end_of_record
SF:lib/presentation/bloc/settings_bloc.dart
DA:19,1
DA:22,1
DA:23,2
DA:24,2
DA:25,2
DA:26,2
DA:29,1
DA:33,4
DA:35,3
DA:37,1
DA:38,1
DA:39,4
DA:40,3
DA:42,1
DA:43,4
DA:51,1
DA:55,5
DA:56,1
DA:59,1
DA:63,5
DA:64,1
DA:67,1
DA:71,4
DA:72,3
DA:74,1
DA:77,1
DA:81,4
DA:83,2
DA:85,1
DA:86,1
DA:87,4
DA:88,3
DA:90,1
DA:91,4
DA:95,1
LF:35
LH:35
end_of_record
