TN:
SF:lib/bloc/bloc_ui_effect_mixin.dart
FNF:0
FNH:0
DA:26,3
DA:31,1
DA:32,2
DA:33,2
DA:37,1
DA:39,2
DA:40,1
LF:7
LH:7
end_of_record
TN:
SF:lib/data/datasources/settings_local_datasource.dart
FNF:0
FNH:0
DA:21,1
DA:23,1
DA:27,2
DA:29,1
DA:30,1
DA:34,2
DA:35,2
DA:36,2
DA:38,1
DA:39,1
DA:49,1
DA:52,1
DA:53,1
DA:54,2
DA:57,2
DA:59,2
DA:61,3
DA:62,2
DA:64,1
DA:68,1
DA:72,1
DA:74,1
LF:22
LH:22
end_of_record
TN:
SF:lib/data/models/category_model.dart
FNF:0
FNH:0
DA:25,2
DA:28,2
DA:29,2
DA:30,2
DA:31,2
DA:32,2
DA:33,2
DA:34,2
DA:35,2
DA:40,2
DA:41,2
DA:42,4
DA:43,4
DA:44,4
DA:45,4
DA:46,4
DA:47,4
DA:51,1
DA:59,1
DA:60,2
DA:61,2
DA:62,2
DA:63,2
DA:64,2
DA:65,2
DA:74,1
DA:76,1
DA:77,1
DA:78,5
DA:81,1
DA:82,2
DA:83,2
DA:84,2
DA:85,2
DA:86,2
DA:87,2
DA:90,1
DA:93,1
DA:94,1
DA:95,2
DA:96,1
DA:97,2
DA:98,1
DA:99,2
DA:100,1
DA:101,2
DA:102,1
DA:103,2
DA:104,1
DA:105,2
DA:108,1
DA:109,2
DA:111,1
DA:114,1
DA:115,3
DA:116,3
LF:56
LH:56
end_of_record
TN:
SF:lib/data/models/task_model.dart
FNF:0
FNH:0
DA:35,2
DA:38,6
DA:41,6
DA:44,4
DA:45,2
DA:49,2
DA:50,3
DA:53,2
DA:54,4
DA:57,2
DA:58,4
DA:61,2
DA:62,4
DA:65,2
DA:66,4
DA:69,2
DA:70,2
DA:71,2
DA:72,2
DA:73,2
DA:74,2
DA:75,2
DA:76,2
DA:77,2
DA:78,2
DA:79,2
DA:84,2
DA:85,2
DA:86,4
DA:87,4
DA:88,4
DA:89,4
DA:90,4
DA:91,4
DA:92,4
DA:93,4
DA:94,4
DA:98,1
DA:109,1
DA:110,2
DA:111,2
DA:112,2
DA:113,2
DA:114,2
DA:115,2
DA:116,2
DA:117,2
DA:118,2
DA:172,1
DA:173,2
DA:175,1
DA:178,1
DA:179,3
DA:180,3
LF:54
LH:54
end_of_record
TN:
SF:lib/data/repositories/category_repository_impl.dart
FNF:0
FNH:0
DA:13,1
DA:15,1
DA:18,2
DA:19,4
DA:20,1
DA:21,1
DA:22,1
DA:27,1
DA:34,1
DA:37,1
DA:38,1
DA:44,2
DA:51,2
DA:52,1
DA:53,1
DA:58,1
DA:65,1
DA:69,1
DA:71,1
DA:75,3
DA:77,1
DA:83,1
DA:84,2
DA:85,2
DA:86,1
DA:87,1
DA:92,1
DA:99,1
DA:103,1
DA:105,1
DA:109,3
DA:116,1
DA:117,2
DA:118,2
DA:119,1
DA:120,1
DA:125,1
DA:132,1
DA:135,1
DA:136,1
DA:143,2
DA:150,2
DA:152,1
DA:153,1
DA:158,1
DA:166,1
DA:167,2
DA:174,3
DA:181,4
DA:188,2
DA:199,1
DA:201,4
DA:206,1
DA:207,1
LF:54
LH:54
end_of_record
TN:
SF:lib/data/repositories/settings_repository_impl.dart
FNF:0
FNH:0
DA:11,1
DA:13,1
DA:16,2
DA:17,1
DA:19,3
DA:23,1
DA:26,2
DA:29,3
LF:8
LH:8
end_of_record
TN:
SF:lib/data/repositories/task_repository_impl.dart
FNF:0
FNH:0
DA:12,1
DA:14,1
DA:17,2
DA:20,2
DA:23,2
DA:25,3
DA:29,1
DA:32,2
DA:33,4
DA:34,1
DA:36,3
DA:40,1
DA:44,3
DA:46,4
DA:49,1
DA:50,2
DA:51,1
DA:53,3
DA:57,1
DA:61,3
DA:63,2
DA:67,3
DA:68,1
DA:69,2
DA:71,1
DA:73,3
DA:77,1
DA:81,2
DA:83,2
DA:86,2
DA:87,1
DA:89,3
DA:93,1
DA:97,2
DA:100,2
DA:104,1
DA:105,2
DA:106,1
DA:107,1
DA:111,1
DA:112,2
DA:114,1
DA:116,3
DA:120,1
DA:123,2
DA:124,4
DA:125,1
DA:127,3
DA:131,1
DA:134,2
DA:135,1
DA:137,3
LF:52
LH:52
end_of_record
TN:
SF:lib/domain/entities/app_settings.dart
FNF:0
FNH:0
DA:10,6
DA:18,2
DA:19,2
LF:3
LH:3
end_of_record
TN:
SF:lib/domain/entities/app_settings.g.dart
FNF:0
FNH:0
DA:9,4
DA:11,4
DA:13,2
DA:14,2
DA:17,2
DA:18,2
DA:19,4
DA:20,2
DA:21,2
LF:9
LH:9
end_of_record
TN:
SF:lib/domain/entities/category.dart
FNF:0
FNH:0
DA:8,8
DA:20,3
DA:23,4
LF:3
LH:3
end_of_record
TN:
SF:lib/domain/entities/task.dart
FNF:0
FNH:0
DA:11,11
DA:42,2
LF:2
LH:2
end_of_record
TN:
SF:lib/domain/entities/task.g.dart
FNF:0
FNH:0
DA:9,2
DA:10,1
DA:11,1
DA:12,1
DA:13,1
DA:15,2
DA:17,1
DA:19,2
DA:20,1
DA:21,2
DA:22,2
DA:25,2
DA:26,1
DA:27,1
DA:28,1
DA:29,1
DA:30,2
DA:31,2
DA:32,1
DA:33,2
DA:34,2
LF:21
LH:21
end_of_record
TN:
SF:lib/domain/usecases/create_category_usecase.dart
FNF:0
FNH:0
DA:9,2
DA:16,1
DA:18,1
DA:20,3
LF:4
LH:4
end_of_record
TN:
SF:lib/domain/usecases/create_task_usecase.dart
FNF:0
FNH:0
DA:9,1
DA:15,1
DA:17,3
DA:18,1
DA:19,2
DA:23,2
LF:6
LH:6
end_of_record
TN:
SF:lib/domain/usecases/delete_category_usecase.dart
FNF:0
FNH:0
DA:8,2
DA:15,1
DA:17,1
DA:19,3
LF:4
LH:4
end_of_record
TN:
SF:lib/domain/usecases/delete_task_usecase.dart
FNF:0
FNH:0
DA:8,1
DA:14,1
DA:15,1
DA:16,1
DA:17,2
DA:20,2
LF:6
LH:6
end_of_record
TN:
SF:lib/domain/usecases/get_categories_usecase.dart
FNF:0
FNH:0
DA:9,1
DA:11,1
DA:13,2
LF:3
LH:3
end_of_record
TN:
SF:lib/domain/usecases/get_category_by_id_usecase.dart
FNF:0
FNH:0
DA:9,1
DA:16,1
DA:18,1
DA:20,3
LF:4
LH:4
end_of_record
TN:
SF:lib/domain/usecases/get_settings_usecase.dart
FNF:0
FNH:0
DA:10,1
DA:12,1
DA:14,2
LF:3
LH:3
end_of_record
TN:
SF:lib/domain/usecases/get_task_by_id_usecase.dart
FNF:0
FNH:0
DA:9,1
DA:15,1
DA:16,1
DA:17,1
DA:18,2
DA:21,2
LF:6
LH:6
end_of_record
TN:
SF:lib/domain/usecases/get_tasks_params.dart
FNF:0
FNH:0
DA:44,4
DA:56,1
DA:67,2
DA:77,2
DA:78,2
DA:79,1
DA:80,2
DA:81,2
DA:82,2
DA:83,2
DA:84,2
DA:85,2
DA:90,1
DA:91,1
DA:92,1
DA:94,1
DA:95,1
DA:99,2
DA:100,2
DA:101,2
DA:102,2
DA:103,2
DA:104,2
DA:105,2
DA:106,2
DA:107,2
DA:108,2
LF:27
LH:27
end_of_record
TN:
SF:lib/domain/usecases/get_tasks_usecase.dart
FNF:0
FNH:0
DA:10,1
DA:16,1
DA:17,2
LF:3
LH:3
end_of_record
TN:
SF:lib/domain/usecases/save_settings_usecase.dart
FNF:0
FNH:0
DA:10,1
DA:12,1
DA:14,2
LF:3
LH:3
end_of_record
TN:
SF:lib/domain/usecases/search_tasks_usecase.dart
FNF:0
FNH:0
DA:9,1
DA:15,1
DA:17,2
DA:18,1
DA:20,3
LF:5
LH:5
end_of_record
TN:
SF:lib/domain/usecases/toggle_task_completion_usecase.dart
FNF:0
FNH:0
DA:9,1
DA:15,1
DA:16,1
DA:17,1
DA:18,2
DA:21,2
LF:6
LH:6
end_of_record
TN:
SF:lib/domain/usecases/update_category_usecase.dart
FNF:0
FNH:0
DA:9,2
DA:16,1
DA:18,1
DA:20,3
LF:4
LH:4
end_of_record
TN:
SF:lib/domain/usecases/update_task_usecase.dart
FNF:0
FNH:0
DA:9,1
DA:15,1
DA:17,2
DA:18,1
DA:19,2
DA:23,3
DA:24,1
DA:25,2
DA:29,2
LF:9
LH:9
end_of_record
TN:
SF:lib/extensions/datetime_extensions.dart
FNF:0
FNH:0
DA:6,1
DA:7,2
DA:11,1
DA:12,2
DA:16,1
DA:17,2
DA:21,1
DA:22,1
DA:23,1
DA:25,1
DA:27,1
DA:28,2
DA:30,2
DA:32,2
DA:33,2
DA:35,2
DA:39,2
DA:41,2
DA:42,2
DA:43,2
DA:44,2
DA:45,2
DA:46,2
DA:48,2
DA:53,1
DA:54,1
DA:55,9
DA:59,1
DA:60,2
DA:61,3
DA:62,3
DA:63,3
DA:67,1
DA:68,3
DA:72,1
DA:73,4
DA:77,1
DA:78,4
LF:38
LH:38
end_of_record
TN:
SF:lib/extensions/string_extensions.dart
FNF:0
FNH:0
DA:4,1
DA:5,1
DA:6,4
DA:10,1
DA:11,1
DA:12,5
DA:16,3
DA:19,2
DA:22,1
DA:23,2
DA:24,4
DA:31,2
DA:34,2
DA:37,2
LF:14
LH:14
end_of_record
TN:
SF:lib/presentation/bloc/category_bloc.dart
FNF:0
FNH:0
DA:23,1
DA:32,1
DA:33,1
DA:34,2
DA:35,2
DA:36,2
DA:37,2
DA:38,2
DA:39,2
DA:45,1
DA:49,4
DA:51,2
DA:53,1
DA:54,1
DA:55,2
DA:56,2
DA:59,2
DA:60,1
DA:63,1
DA:64,2
DA:70,1
DA:74,4
DA:76,2
DA:77,2
DA:80,1
DA:81,1
DA:82,2
DA:83,2
DA:86,2
DA:87,1
DA:90,1
DA:92,1
DA:93,2
DA:94,2
DA:101,1
DA:105,4
DA:107,2
DA:108,2
DA:111,1
DA:112,1
DA:113,2
DA:114,2
DA:117,2
DA:118,1
DA:121,1
DA:123,1
DA:124,2
DA:125,2
DA:132,1
DA:137,2
DA:138,1
DA:139,1
DA:140,1
DA:141,2
DA:142,1
DA:143,1
DA:150,1
DA:154,4
DA:156,2
DA:157,2
DA:160,1
DA:161,1
DA:162,2
DA:163,2
DA:166,2
DA:167,1
DA:170,1
DA:172,1
DA:173,2
DA:174,2
DA:181,1
DA:183,2
DA:184,2
DA:185,2
DA:186,2
DA:187,1
LF:76
LH:76
end_of_record
TN:
SF:lib/presentation/bloc/category_state.dart
FNF:0
FNH:0
DA:31,2
DA:34,2
DA:37,4
DA:40,3
DA:43,3
LF:5
LH:5
end_of_record
TN:
SF:lib/presentation/bloc/settings_bloc.dart
FNF:0
FNH:0
DA:19,1
DA:22,1
DA:23,2
DA:24,2
DA:25,2
DA:26,2
DA:29,1
DA:33,4
DA:35,3
DA:37,1
DA:38,1
DA:39,4
DA:40,3
DA:42,1
DA:43,4
DA:51,1
DA:55,5
DA:56,1
DA:59,1
DA:63,5
DA:64,1
DA:67,1
DA:71,4
DA:72,3
DA:74,1
DA:77,1
DA:81,4
DA:83,2
DA:85,1
DA:86,1
DA:87,4
DA:88,3
DA:90,1
DA:91,4
DA:95,1
LF:35
LH:35
end_of_record
TN:
SF:lib/presentation/bloc/settings_state.dart
FNF:0
FNH:0
DA:5,1
LF:1
LH:1
end_of_record
TN:
SF:lib/presentation/bloc/task_bloc.dart
FNF:0
FNH:0
DA:24,1
DA:33,1
DA:34,2
DA:37,1
DA:38,1
DA:39,2
DA:40,2
DA:41,2
DA:42,2
DA:43,2
DA:44,2
DA:45,2
DA:49,1
DA:53,4
DA:55,3
DA:56,2
DA:58,1
DA:59,1
DA:60,4
DA:64,3
DA:66,1
DA:67,4
DA:70,3
DA:78,1
DA:82,4
DA:84,4
DA:86,3
DA:87,3
DA:90,2
DA:92,1
DA:93,1
DA:94,4
DA:95,3
DA:97,1
DA:98,4
DA:100,4
DA:101,3
DA:102,6
DA:108,1
DA:112,2
DA:114,1
DA:116,4
DA:117,1
DA:121,4
DA:126,2
DA:128,1
DA:129,1
DA:130,4
DA:134,3
DA:136,1
DA:137,4
DA:147,1
DA:151,3
DA:153,1
DA:154,1
DA:155,3
DA:157,1
DA:159,4
DA:160,3
DA:161,1
DA:163,4
DA:165,1
DA:166,1
DA:174,1
DA:179,2
DA:180,1
DA:181,1
DA:205,1
DA:209,3
DA:210,1
DA:211,1
DA:212,1
DA:213,1
DA:214,1
DA:215,1
DA:219,4
DA:224,1
DA:227,1
DA:231,4
DA:236,1
LF:80
LH:80
end_of_record
TN:
SF:lib/presentation/bloc/task_edit_bloc.dart
FNF:0
FNH:0
DA:23,1
DA:32,1
DA:33,2
DA:36,1
DA:40,1
DA:41,2
DA:42,2
DA:43,2
DA:44,2
DA:45,2
DA:46,2
DA:47,2
DA:51,1
DA:55,1
DA:57,4
DA:65,4
DA:67,3
DA:69,1
DA:70,1
DA:71,4
DA:75,3
DA:77,1
DA:78,4
DA:82,1
DA:83,1
DA:84,1
DA:85,1
DA:86,1
DA:93,1
DA:97,5
DA:100,1
DA:104,5
DA:107,1
DA:111,5
DA:114,1
DA:118,5
DA:121,1
DA:125,5
DA:128,1
DA:133,3
DA:134,1
DA:135,1
DA:139,4
DA:141,1
DA:144,4
DA:146,4
DA:148,2
DA:149,2
DA:150,2
DA:151,2
DA:155,2
DA:157,1
DA:158,1
DA:159,4
DA:163,3
DA:165,1
DA:166,4
DA:167,1
DA:168,1
DA:173,1
DA:174,2
DA:176,2
DA:178,2
DA:179,2
DA:180,2
DA:185,2
DA:187,1
DA:188,1
DA:189,4
DA:193,3
DA:195,1
DA:196,4
DA:197,1
DA:198,1
LF:74
LH:74
end_of_record
TN:
SF:lib/presentation/bloc/task_edit_state.dart
FNF:0
FNH:0
DA:6,1
LF:1
LH:1
end_of_record
TN:
SF:lib/presentation/bloc/task_state.dart
FNF:0
FNH:0
DA:6,1
LF:1
LH:1
end_of_record
TN:
SF:lib/types/priority.dart
FNF:0
FNH:0
DA:16,1
DA:17,1
DA:18,3
DA:19,1
LF:4
LH:4
end_of_record
TN:
SF:lib/types/usecase.dart
FNF:0
FNH:0
DA:16,1
LF:1
LH:1
end_of_record
TN:
SF:lib/utils/validators.dart
FNF:0
FNH:0
DA:8,1
DA:9,2
DA:12,2
DA:19,1
DA:20,2
DA:23,2
DA:30,1
DA:31,2
LF:8
LH:8
end_of_record
