SF:lib/domain/entities/category.dart
DA:8,8
DA:20,3
DA:23,4
LF:3
LH:3
end_of_record
SF:lib/domain/usecases/update_category_usecase.dart
DA:9,2
DA:16,1
DA:18,1
DA:20,3
LF:4
LH:4
end_of_record
SF:lib/data/models/category_model.dart
DA:25,2
DA:28,2
DA:29,2
DA:30,2
DA:31,2
DA:32,2
DA:33,2
DA:34,2
DA:35,2
DA:40,2
DA:41,2
DA:42,4
DA:43,4
DA:44,4
DA:45,4
DA:46,4
DA:47,4
DA:51,1
DA:59,1
DA:60,2
DA:61,2
DA:62,2
DA:63,2
DA:64,2
DA:65,2
DA:74,1
DA:76,1
DA:77,1
DA:78,5
DA:81,1
DA:82,2
DA:83,2
DA:84,2
DA:85,2
DA:86,2
DA:87,2
DA:90,1
DA:93,1
DA:94,1
DA:95,2
DA:96,1
DA:97,2
DA:98,1
DA:99,2
DA:100,1
DA:101,2
DA:102,1
DA:103,2
DA:104,1
DA:105,2
DA:108,1
DA:109,2
DA:111,1
DA:114,1
DA:115,3
DA:116,3
LF:56
LH:56
end_of_record
SF:lib/data/repositories/category_repository_impl.dart
DA:13,1
DA:15,1
DA:18,2
DA:19,4
DA:20,1
DA:21,1
DA:22,1
DA:27,1
DA:34,1
DA:37,1
DA:38,1
DA:44,2
DA:51,2
DA:52,1
DA:53,1
DA:58,1
DA:65,1
DA:69,1
DA:71,1
DA:75,3
DA:77,1
DA:83,1
DA:84,2
DA:85,2
DA:86,1
DA:87,1
DA:92,1
DA:99,1
DA:103,1
DA:105,1
DA:109,3
DA:116,1
DA:117,2
DA:118,2
DA:119,1
DA:120,1
DA:125,1
DA:132,1
DA:135,1
DA:136,1
DA:143,2
DA:150,2
DA:152,1
DA:153,1
DA:158,1
DA:166,1
DA:167,2
DA:174,3
DA:181,4
DA:188,2
DA:199,1
DA:201,4
DA:206,1
DA:207,1
LF:54
LH:54
end_of_record
SF:lib/domain/usecases/get_categories_usecase.dart
DA:9,1
DA:11,1
DA:13,2
LF:3
LH:3
end_of_record
SF:lib/domain/usecases/create_category_usecase.dart
DA:9,2
DA:16,1
DA:18,1
DA:20,3
LF:4
LH:4
end_of_record
SF:lib/domain/usecases/delete_category_usecase.dart
DA:8,2
DA:15,1
DA:17,1
DA:19,3
LF:4
LH:4
end_of_record
SF:lib/domain/usecases/get_category_by_id_usecase.dart
DA:9,1
DA:16,1
DA:18,1
DA:20,3
LF:4
LH:4
end_of_record
SF:lib/presentation/bloc/category_bloc.dart
DA:23,1
DA:32,1
DA:33,1
DA:34,2
DA:35,2
DA:36,2
DA:37,2
DA:38,2
DA:39,2
DA:45,1
DA:49,4
DA:51,2
DA:53,1
DA:54,1
DA:55,2
DA:56,2
DA:59,2
DA:60,1
DA:63,1
DA:64,2
DA:70,1
DA:74,4
DA:76,2
DA:77,2
DA:80,1
DA:81,1
DA:82,2
DA:83,2
DA:86,2
DA:87,1
DA:90,1
DA:92,1
DA:93,2
DA:94,2
DA:101,1
DA:105,4
DA:107,2
DA:108,2
DA:111,1
DA:112,1
DA:113,2
DA:114,2
DA:117,2
DA:118,1
DA:121,1
DA:123,1
DA:124,2
DA:125,2
DA:132,1
DA:137,2
DA:138,1
DA:139,1
DA:140,1
DA:141,2
DA:142,1
DA:143,1
DA:150,1
DA:154,4
DA:156,2
DA:157,2
DA:160,1
DA:161,1
DA:162,2
DA:163,2
DA:166,2
DA:167,1
DA:170,1
DA:172,1
DA:173,2
DA:174,2
DA:181,1
DA:183,2
DA:184,2
DA:185,2
DA:186,2
DA:187,1
LF:76
LH:76
end_of_record
SF:lib/presentation/bloc/category_state.dart
DA:31,2
DA:34,2
DA:37,4
DA:40,3
DA:43,3
LF:5
LH:5
end_of_record
